"GET / HTTP/1.1" 200 16286
"GET /static/admin/css/fonts.css HTTP/1.1" 200 423
"GET /static/admin/fonts/Roboto-Regular-webfont.woff HTTP/1.1" 200 80304
"GET /static/admin/fonts/Roboto-Bold-webfont.woff HTTP/1.1" 200 82564
"GET /static/admin/fonts/Roboto-Light-webfont.woff HTTP/1.1" 200 81348
Not Found: /favicon.ico
"GET /favicon.ico HTTP/1.1" 404 1971
"GET /admin HTTP/1.1" 301 0
"GET /admin/ HTTP/1.1" 302 0
"GET /admin/login/?next=/admin/ HTTP/1.1" 200 1821
"GET /static/admin/css/base.css HTTP/1.1" 200 16225
"GET /static/admin/css/login.css HTTP/1.1" 200 1203
"GET /static/admin/css/responsive.css HTTP/1.1" 200 17976
"POST /admin/login/?next=/admin/ HTTP/1.1" 302 0
"GET /admin/ HTTP/1.1" 200 3661
"GET /static/admin/css/dashboard.css HTTP/1.1" 200 412
"GET /static/admin/img/icon-addlink.svg HTTP/1.1" 200 331
"GET /static/admin/img/icon-changelink.svg HTTP/1.1" 200 380
"GET /admin/base/data/ HTTP/1.1" 200 32480
"GET /static/admin/css/changelists.css HTTP/1.1" 200 6170
"GET /static/admin/js/vendor/jquery/jquery.js HTTP/1.1" 200 271751
"GET /admin/jsi18n/ HTTP/1.1" 200 7684
"GET /static/admin/js/jquery.init.js HTTP/1.1" 200 363
"GET /static/admin/js/core.js HTTP/1.1" 200 7135
"GET /static/admin/js/admin/RelatedObjectLookups.js HTTP/1.1" 200 6918
"GET /static/admin/js/urlify.js HTTP/1.1" 200 8972
"GET /static/admin/js/prepopulate.js HTTP/1.1" 200 1530
"GET /static/import_export/action_formats.js HTTP/1.1" 200 777
"GET /static/admin/js/actions.js HTTP/1.1" 200 6538
"GET /static/admin/js/vendor/xregexp/xregexp.js HTTP/1.1" 200 128820
"GET /static/admin/img/search.svg HTTP/1.1" 200 458
"GET /static/admin/img/tooltag-add.svg HTTP/1.1" 200 331
"GET /admin/base/data/?q=2017-08-08 HTTP/1.1" 200 5999
"GET /admin/jsi18n/ HTTP/1.1" 200 7684
"GET /admin/base/data/434/change/?_changelist_filters=q%3D2017-08-08 HTTP/1.1" 200 7409
"GET /static/admin/js/calendar.js HTTP/1.1" 200 7777
"GET /static/admin/js/admin/DateTimeShortcuts.js HTTP/1.1" 200 20281
"GET /static/admin/js/prepopulate_init.js HTTP/1.1" 200 495
"GET /static/admin/css/forms.css HTTP/1.1" 200 8505
"GET /admin/jsi18n/ HTTP/1.1" 200 7684
"GET /static/admin/js/change_form.js HTTP/1.1" 200 712
"GET /static/admin/css/widgets.css HTTP/1.1" 200 10340
"GET /static/admin/img/icon-calendar.svg HTTP/1.1" 200 1086
"GET /admin/base/data/?q=2017-08-08 HTTP/1.1" 200 5999
"GET /admin/base/data/413/change/?_changelist_filters=q%3D2017-08-08 HTTP/1.1" 200 7286
"GET /admin/jsi18n/ HTTP/1.1" 200 7684
"GET /admin/base/data/?q=2017-08-08 HTTP/1.1" 200 5999
"GET /admin/base/data/?q=2017-08-08 HTTP/1.1" 200 5695
"GET /static/admin/css/base.css HTTP/1.1" 304 0
"GET /static/admin/js/vendor/jquery/jquery.js HTTP/1.1" 304 0
"GET /static/admin/css/changelists.css HTTP/1.1" 304 0
"GET /admin/jsi18n/ HTTP/1.1" 200 7684
"GET /static/admin/js/jquery.init.js HTTP/1.1" 304 0
"GET /static/admin/js/actions.js HTTP/1.1" 304 0
"GET /static/admin/js/urlify.js HTTP/1.1" 304 0
"GET /static/admin/css/responsive.css HTTP/1.1" 304 0
"GET /static/admin/js/core.js HTTP/1.1" 304 0
"GET /static/admin/js/prepopulate.js HTTP/1.1" 304 0
"GET /static/admin/js/admin/RelatedObjectLookups.js HTTP/1.1" 304 0
"GET /static/admin/js/vendor/xregexp/xregexp.js HTTP/1.1" 304 0
"GET /static/import_export/action_formats.js HTTP/1.1" 304 0
"GET /static/admin/img/search.svg HTTP/1.1" 304 0
"GET /static/admin/css/fonts.css HTTP/1.1" 304 0
"GET /static/admin/img/tooltag-add.svg HTTP/1.1" 304 0
"GET /static/admin/fonts/Roboto-Regular-webfont.woff HTTP/1.1" 304 0
"GET /static/admin/fonts/Roboto-Light-webfont.woff HTTP/1.1" 304 0
"GET /static/admin/fonts/Roboto-Bold-webfont.woff HTTP/1.1" 304 0
"GET /admin/base/data/460/change/?_changelist_filters=q%3D2017-08-08 HTTP/1.1" 200 9895
"GET /static/admin/css/forms.css HTTP/1.1" 304 0
"GET /static/admin/js/calendar.js HTTP/1.1" 304 0
"GET /static/admin/js/admin/DateTimeShortcuts.js HTTP/1.1" 304 0
"GET /admin/jsi18n/ HTTP/1.1" 200 7684
"GET /static/admin/js/change_form.js HTTP/1.1" 304 0
"GET /static/admin/js/prepopulate_init.js HTTP/1.1" 304 0
"GET /static/admin/css/widgets.css HTTP/1.1" 304 0
"GET /static/admin/img/icon-calendar.svg HTTP/1.1" 304 0
"GET /admin/base/data/ HTTP/1.1" 200 32508
"GET /static/admin/css/base.css HTTP/1.1" 304 0
"GET /admin/jsi18n/ HTTP/1.1" 200 7684
"GET /static/admin/js/jquery.init.js HTTP/1.1" 304 0
"GET /static/admin/js/vendor/jquery/jquery.js HTTP/1.1" 304 0
"GET /static/admin/css/changelists.css HTTP/1.1" 304 0
"GET /static/admin/js/core.js HTTP/1.1" 304 0
"GET /static/admin/js/admin/RelatedObjectLookups.js HTTP/1.1" 304 0
"GET /static/admin/css/responsive.css HTTP/1.1" 304 0
"GET /static/admin/js/urlify.js HTTP/1.1" 304 0
"GET /static/admin/js/prepopulate.js HTTP/1.1" 304 0
"GET /static/admin/js/actions.js HTTP/1.1" 304 0
"GET /static/admin/js/vendor/xregexp/xregexp.js HTTP/1.1" 304 0
"GET /static/import_export/action_formats.js HTTP/1.1" 304 0
"GET /static/admin/img/search.svg HTTP/1.1" 304 0
"GET /static/admin/css/fonts.css HTTP/1.1" 304 0
"GET /static/admin/img/tooltag-add.svg HTTP/1.1" 304 0
"GET /static/admin/fonts/Roboto-Regular-webfont.woff HTTP/1.1" 304 0
"GET /static/admin/fonts/Roboto-Light-webfont.woff HTTP/1.1" 304 0
"GET /static/admin/fonts/Roboto-Bold-webfont.woff HTTP/1.1" 304 0
"GET /admin/base/data/?o=1 HTTP/1.1" 200 35462
"GET /admin/jsi18n/ HTTP/1.1" 200 7684
"GET /static/admin/img/sorting-icons.svg HTTP/1.1" 200 1097
"GET /admin/base/data/?o=-1 HTTP/1.1" 200 35454
"GET /admin/jsi18n/ HTTP/1.1" 200 7684
"GET /admin/base/data/?o=1 HTTP/1.1" 200 35462
"GET /admin/jsi18n/ HTTP/1.1" 200 7684
"GET /admin/base/data/?o=-1 HTTP/1.1" 200 35456
"GET /admin/jsi18n/ HTTP/1.1" 200 7684
"GET /admin/base/data/?o=-1 HTTP/1.1" 200 35456
"GET /admin/jsi18n/ HTTP/1.1" 200 7684
"GET /admin/base/data/?o=1 HTTP/1.1" 200 35462
"GET /admin/jsi18n/ HTTP/1.1" 200 7684
"GET /admin/base/data/?o=1 HTTP/1.1" 200 35462
"GET /admin/jsi18n/ HTTP/1.1" 200 7684
"GET /admin/base/data/?o=-1 HTTP/1.1" 200 35456
"GET /admin/jsi18n/ HTTP/1.1" 200 7684
"GET /admin/base/data/441/change/?_changelist_filters=o%3D-1 HTTP/1.1" 200 6985
"GET /static/admin/js/change_form.js HTTP/1.1" 304 0
"GET /static/admin/js/prepopulate_init.js HTTP/1.1" 304 0
"GET /static/admin/js/calendar.js HTTP/1.1" 304 0
"GET /static/admin/css/forms.css HTTP/1.1" 304 0
"GET /static/admin/js/admin/DateTimeShortcuts.js HTTP/1.1" 304 0
"GET /admin/jsi18n/ HTTP/1.1" 200 7684
"GET /static/admin/css/widgets.css HTTP/1.1" 304 0
"GET /static/admin/img/icon-calendar.svg HTTP/1.1" 304 0
"POST /admin/base/data/441/change/?_changelist_filters=o%3D-1 HTTP/1.1" 200 7194
"GET /admin/jsi18n/ HTTP/1.1" 200 7684
"POST /admin/base/data/441/change/?_changelist_filters=o%3D-1 HTTP/1.1" 200 7196
"GET /admin/jsi18n/ HTTP/1.1" 200 7684
"POST /admin/base/data/441/change/?_changelist_filters=o%3D-1 HTTP/1.1" 302 0
"GET /admin/base/data/?o=-1 HTTP/1.1" 200 35620
"GET /admin/jsi18n/ HTTP/1.1" 200 7684
"GET /static/admin/img/icon-yes.svg HTTP/1.1" 200 436
"GET /admin/base/data/542/change/?_changelist_filters=o%3D-1 HTTP/1.1" 200 7262
"GET /admin/jsi18n/ HTTP/1.1" 200 7684
"POST /admin/base/data/542/change/?_changelist_filters=o%3D-1 HTTP/1.1" 302 0
"GET /admin/base/data/?o=-1 HTTP/1.1" 200 35619
"GET /admin/jsi18n/ HTTP/1.1" 200 7684
"GET /admin/base/data/537/change/?_changelist_filters=o%3D-1 HTTP/1.1" 200 7012
"GET /admin/jsi18n/ HTTP/1.1" 200 7684
"GET /admin/base/data/?o=-1 HTTP/1.1" 200 35453
"GET /admin/base/data/?o=-1 HTTP/1.1" 200 35453
"GET /admin/jsi18n/ HTTP/1.1" 200 7684
"GET /admin/base/data/?o=1 HTTP/1.1" 200 35495
"GET /admin/jsi18n/ HTTP/1.1" 200 7684
"GET /admin/base/data/508/change/?_changelist_filters=o%3D1 HTTP/1.1" 200 15479
"GET /admin/jsi18n/ HTTP/1.1" 200 7684
Internal Server Error: /admin/base/data/
Traceback (most recent call last):
  File "/home/sdu/Documents/life/VENV/lib/python3.5/site-packages/django/db/backends/utils.py", line 85, in _execute
    return self.cursor.execute(sql, params)
  File "/home/sdu/Documents/life/VENV/lib/python3.5/site-packages/django/db/backends/mysql/base.py", line 71, in execute
    return self.cursor.execute(query, args)
  File "/home/sdu/Documents/life/VENV/lib/python3.5/site-packages/MySQLdb/cursors.py", line 255, in execute
    self.errorhandler(self, exc, value)
  File "/home/sdu/Documents/life/VENV/lib/python3.5/site-packages/MySQLdb/connections.py", line 50, in defaulterrorhandler
    raise errorvalue
  File "/home/sdu/Documents/life/VENV/lib/python3.5/site-packages/MySQLdb/cursors.py", line 252, in execute
    res = self._query(query)
  File "/home/sdu/Documents/life/VENV/lib/python3.5/site-packages/MySQLdb/cursors.py", line 378, in _query
    db.query(q)
  File "/home/sdu/Documents/life/VENV/lib/python3.5/site-packages/MySQLdb/connections.py", line 280, in query
    _mysql.connection.query(self, query)
_mysql_exceptions.OperationalError: (1054, "Unknown column 'base_data.keywords' in 'field list'")

The above exception was the direct cause of the following exception:

Traceback (most recent call last):
  File "/home/sdu/Documents/life/VENV/lib/python3.5/site-packages/django/core/handlers/exception.py", line 34, in inner
    response = get_response(request)
  File "/home/sdu/Documents/life/VENV/lib/python3.5/site-packages/django/core/handlers/base.py", line 126, in _get_response
    response = self.process_exception_by_middleware(e, request)
  File "/home/sdu/Documents/life/VENV/lib/python3.5/site-packages/django/core/handlers/base.py", line 124, in _get_response
    response = wrapped_callback(request, *callback_args, **callback_kwargs)
  File "/home/sdu/Documents/life/VENV/lib/python3.5/site-packages/django/contrib/admin/options.py", line 604, in wrapper
    return self.admin_site.admin_view(view)(*args, **kwargs)
  File "/home/sdu/Documents/life/VENV/lib/python3.5/site-packages/django/utils/decorators.py", line 142, in _wrapped_view
    response = view_func(request, *args, **kwargs)
  File "/home/sdu/Documents/life/VENV/lib/python3.5/site-packages/django/views/decorators/cache.py", line 44, in _wrapped_view_func
    response = view_func(request, *args, **kwargs)
  File "/home/sdu/Documents/life/VENV/lib/python3.5/site-packages/django/contrib/admin/sites.py", line 223, in inner
    return view(request, *args, **kwargs)
  File "/home/sdu/Documents/life/VENV/lib/python3.5/site-packages/import_export/admin.py", line 317, in changelist_view
    return super(ImportMixin, self).changelist_view(request, extra_context)
  File "/home/sdu/Documents/life/VENV/lib/python3.5/site-packages/import_export/admin.py", line 477, in changelist_view
    return super(ExportMixin, self).changelist_view(request, extra_context)
  File "/home/sdu/Documents/life/VENV/lib/python3.5/site-packages/django/utils/decorators.py", line 45, in _wrapper
    return bound_method(*args, **kwargs)
  File "/home/sdu/Documents/life/VENV/lib/python3.5/site-packages/django/utils/decorators.py", line 142, in _wrapped_view
    response = view_func(request, *args, **kwargs)
  File "/home/sdu/Documents/life/VENV/lib/python3.5/site-packages/django/contrib/admin/options.py", line 1793, in changelist_view
    'selection_note': _('0 of %(cnt)s selected') % {'cnt': len(cl.result_list)},
  File "/home/sdu/Documents/life/VENV/lib/python3.5/site-packages/django/db/models/query.py", line 250, in __len__
    self._fetch_all()
  File "/home/sdu/Documents/life/VENV/lib/python3.5/site-packages/django/db/models/query.py", line 1186, in _fetch_all
    self._result_cache = list(self._iterable_class(self))
  File "/home/sdu/Documents/life/VENV/lib/python3.5/site-packages/django/db/models/query.py", line 54, in __iter__
    results = compiler.execute_sql(chunked_fetch=self.chunked_fetch, chunk_size=self.chunk_size)
  File "/home/sdu/Documents/life/VENV/lib/python3.5/site-packages/django/db/models/sql/compiler.py", line 1065, in execute_sql
    cursor.execute(sql, params)
  File "/home/sdu/Documents/life/VENV/lib/python3.5/site-packages/django/db/backends/utils.py", line 100, in execute
    return super().execute(sql, params)
  File "/home/sdu/Documents/life/VENV/lib/python3.5/site-packages/django/db/backends/utils.py", line 68, in execute
    return self._execute_with_wrappers(sql, params, many=False, executor=self._execute)
  File "/home/sdu/Documents/life/VENV/lib/python3.5/site-packages/django/db/backends/utils.py", line 77, in _execute_with_wrappers
    return executor(sql, params, many, context)
  File "/home/sdu/Documents/life/VENV/lib/python3.5/site-packages/django/db/backends/utils.py", line 85, in _execute
    return self.cursor.execute(sql, params)
  File "/home/sdu/Documents/life/VENV/lib/python3.5/site-packages/django/db/utils.py", line 89, in __exit__
    raise dj_exc_value.with_traceback(traceback) from exc_value
  File "/home/sdu/Documents/life/VENV/lib/python3.5/site-packages/django/db/backends/utils.py", line 85, in _execute
    return self.cursor.execute(sql, params)
  File "/home/sdu/Documents/life/VENV/lib/python3.5/site-packages/django/db/backends/mysql/base.py", line 71, in execute
    return self.cursor.execute(query, args)
  File "/home/sdu/Documents/life/VENV/lib/python3.5/site-packages/MySQLdb/cursors.py", line 255, in execute
    self.errorhandler(self, exc, value)
  File "/home/sdu/Documents/life/VENV/lib/python3.5/site-packages/MySQLdb/connections.py", line 50, in defaulterrorhandler
    raise errorvalue
  File "/home/sdu/Documents/life/VENV/lib/python3.5/site-packages/MySQLdb/cursors.py", line 252, in execute
    res = self._query(query)
  File "/home/sdu/Documents/life/VENV/lib/python3.5/site-packages/MySQLdb/cursors.py", line 378, in _query
    db.query(q)
  File "/home/sdu/Documents/life/VENV/lib/python3.5/site-packages/MySQLdb/connections.py", line 280, in query
    _mysql.connection.query(self, query)
django.db.utils.OperationalError: (1054, "Unknown column 'base_data.keywords' in 'field list'")
"GET /admin/base/data/?o=1 HTTP/1.1" 500 217066
"GET /admin/base/data/?o=1 HTTP/1.1" 200 39601
"GET /admin/jsi18n/ HTTP/1.1" 200 7684
"GET /admin/base/data/?q=2017-08-08&o=1 HTTP/1.1" 200 6583
"GET /admin/jsi18n/ HTTP/1.1" 200 7684
"GET /admin/base/data/542/change/?_changelist_filters=o%3D1%26q%3D2017-08-08 HTTP/1.1" 200 7806
"GET /admin/jsi18n/ HTTP/1.1" 200 7684
"GET /admin/base/data/?q=2017-08-08&o=1 HTTP/1.1" 200 6583
"GET /admin/base/data/460/change/?_changelist_filters=o%3D1%26q%3D2017-08-08 HTTP/1.1" 200 11330
"GET /admin/jsi18n/ HTTP/1.1" 200 7684
"GET /admin/base/data/?q=2017-08-08&o=1 HTTP/1.1" 200 6583
"GET /admin/base/data/542/change/?_changelist_filters=o%3D1%26q%3D2017-08-08 HTTP/1.1" 200 7806
"GET /admin/jsi18n/ HTTP/1.1" 200 7684
"GET /admin/base/data/542/delete/?_changelist_filters=o%3D1%26q%3D2017-08-08 HTTP/1.1" 200 3256
"GET /static/admin/js/cancel.js HTTP/1.1" 200 410
"POST /admin/base/data/542/delete/?_changelist_filters=o%3D1%26q%3D2017-08-08 HTTP/1.1" 302 0
"GET /admin/base/data/?o=1&q=2017-08-08 HTTP/1.1" 200 6368
"GET /admin/jsi18n/ HTTP/1.1" 200 7684
"GET /admin/base/data/?q=2017-09-10&o=1 HTTP/1.1" 200 6586
"GET /admin/jsi18n/ HTTP/1.1" 200 7684
"GET /admin/base/data/541/change/?_changelist_filters=o%3D1%26q%3D2017-09-10 HTTP/1.1" 200 7953
"GET /admin/jsi18n/ HTTP/1.1" 200 7684
"GET /admin/base/data/?q=2017-09-10&o=1 HTTP/1.1" 200 6586
"GET /admin/base/data/441/change/?_changelist_filters=o%3D1%26q%3D2017-09-10 HTTP/1.1" 200 7528
"GET /admin/jsi18n/ HTTP/1.1" 200 7684
"GET /admin/base/data/?q=2017-09-10&o=1 HTTP/1.1" 200 6586
"GET /admin/base/data/541/change/?_changelist_filters=o%3D1%26q%3D2017-09-10 HTTP/1.1" 200 7953
"GET /admin/jsi18n/ HTTP/1.1" 200 7684
"GET /admin/base/data/?q=2017-09-10&o=1 HTTP/1.1" 200 6586
"GET /admin/base/data/541/change/?_changelist_filters=o%3D1%26q%3D2017-09-10 HTTP/1.1" 200 7953
"GET /admin/jsi18n/ HTTP/1.1" 200 7684
"GET /admin/base/data/541/delete/?_changelist_filters=o%3D1%26q%3D2017-09-10 HTTP/1.1" 200 3256
"POST /admin/base/data/541/delete/?_changelist_filters=o%3D1%26q%3D2017-09-10 HTTP/1.1" 302 0
"GET /admin/base/data/?o=1&q=2017-09-10 HTTP/1.1" 200 6370
"GET /admin/jsi18n/ HTTP/1.1" 200 7684
"GET /admin/base/data/441/change/?_changelist_filters=o%3D1%26q%3D2017-09-10 HTTP/1.1" 200 7528
"GET /admin/jsi18n/ HTTP/1.1" 200 7684
"POST /admin/base/data/441/change/?_changelist_filters=o%3D1%26q%3D2017-09-10 HTTP/1.1" 200 8608
"GET /admin/jsi18n/ HTTP/1.1" 200 7684
"POST /admin/base/data/441/change/?_changelist_filters=o%3D1%26q%3D2017-09-10 HTTP/1.1" 302 0
"GET /admin/base/data/?o=1&q=2017-09-10 HTTP/1.1" 200 6396
"GET /admin/jsi18n/ HTTP/1.1" 200 7684
"GET /admin/base/ HTTP/1.1" 200 2403
"GET /static/admin/css/dashboard.css HTTP/1.1" 304 0
"GET /static/admin/img/icon-addlink.svg HTTP/1.1" 304 0
"GET /static/admin/img/icon-changelink.svg HTTP/1.1" 304 0
"GET /admin/base/data/ HTTP/1.1" 200 36675
"GET /admin/jsi18n/ HTTP/1.1" 200 7684
"GET /admin/base/data/546/change/ HTTP/1.1" 200 7579
"GET /admin/jsi18n/ HTTP/1.1" 200 7684
"GET /admin/base/data/ HTTP/1.1" 200 36675
"GET /admin/base/data/517/change/ HTTP/1.1" 200 8628
"GET /admin/jsi18n/ HTTP/1.1" 200 7684
"GET /admin/base/data/ HTTP/1.1" 200 36674
"GET /admin/base/data/514/change/ HTTP/1.1" 200 7846
"GET /admin/jsi18n/ HTTP/1.1" 200 7684
"GET /admin/base/data/ HTTP/1.1" 200 36670
"GET /admin/base/data/477/change/ HTTP/1.1" 200 8284
"GET /admin/jsi18n/ HTTP/1.1" 200 7684
"GET /admin/base/data/ HTTP/1.1" 200 36670
"GET /admin/base/data/?o=2 HTTP/1.1" 200 39779
"GET /admin/jsi18n/ HTTP/1.1" 200 7684
"GET /admin/base/data/301/change/?_changelist_filters=o%3D2 HTTP/1.1" 200 7992
"GET /admin/jsi18n/ HTTP/1.1" 200 7684
"GET /admin/base/data/?o=2 HTTP/1.1" 200 39797
"GET /admin/base/data/?o=2 HTTP/1.1" 200 39797
"GET /admin/jsi18n/ HTTP/1.1" 200 7684
"GET /static/admin/css/base.css HTTP/1.1" 304 0
"GET /static/admin/css/changelists.css HTTP/1.1" 304 0
"GET /static/admin/js/core.js HTTP/1.1" 304 0
"GET /static/admin/css/responsive.css HTTP/1.1" 304 0
"GET /static/admin/js/actions.js HTTP/1.1" 304 0
"GET /static/admin/js/vendor/jquery/jquery.js HTTP/1.1" 304 0
"GET /static/admin/js/urlify.js HTTP/1.1" 304 0
"GET /static/admin/js/jquery.init.js HTTP/1.1" 304 0
"GET /static/admin/js/prepopulate.js HTTP/1.1" 304 0
"GET /static/admin/js/admin/RelatedObjectLookups.js HTTP/1.1" 304 0
"GET /static/admin/js/vendor/xregexp/xregexp.js HTTP/1.1" 304 0
"GET /static/import_export/action_formats.js HTTP/1.1" 304 0
"GET /static/admin/img/search.svg HTTP/1.1" 304 0
"GET /static/admin/css/fonts.css HTTP/1.1" 304 0
"GET /static/admin/img/tooltag-add.svg HTTP/1.1" 304 0
"GET /static/admin/fonts/Roboto-Regular-webfont.woff HTTP/1.1" 304 0
"GET /static/admin/img/sorting-icons.svg HTTP/1.1" 304 0
"GET /static/admin/fonts/Roboto-Light-webfont.woff HTTP/1.1" 304 0
"GET /static/admin/fonts/Roboto-Bold-webfont.woff HTTP/1.1" 304 0
"GET /admin/base/data/?o=3.2 HTTP/1.1" 200 40355
"GET /admin/jsi18n/ HTTP/1.1" 200 7684
"GET /admin/base/data/?o=-3.2 HTTP/1.1" 200 40557
"GET /admin/jsi18n/ HTTP/1.1" 200 7684
"GET /admin/base/data/221/change/?_changelist_filters=o%3D-3.2 HTTP/1.1" 200 7255
"GET /static/admin/css/forms.css HTTP/1.1" 304 0
"GET /static/admin/js/calendar.js HTTP/1.1" 304 0
"GET /static/admin/js/change_form.js HTTP/1.1" 304 0
"GET /static/admin/js/admin/DateTimeShortcuts.js HTTP/1.1" 304 0
"GET /static/admin/js/prepopulate_init.js HTTP/1.1" 304 0
"GET /admin/jsi18n/ HTTP/1.1" 200 7684
"GET /static/admin/css/widgets.css HTTP/1.1" 304 0
"GET /static/admin/img/icon-calendar.svg HTTP/1.1" 304 0
"GET /admin/base/data/?o=-3.2 HTTP/1.1" 200 40557
"GET /admin/base/data/508/change/?_changelist_filters=o%3D-3.2 HTTP/1.1" 200 16053
"GET /admin/jsi18n/ HTTP/1.1" 200 7684
"GET /admin/base/data/?o=-3.2 HTTP/1.1" 200 40557
"GET /admin/base/data/ HTTP/1.1" 200 36767
"GET /admin/jsi18n/ HTTP/1.1" 200 7684
"GET /admin/base/data/ HTTP/1.1" 200 36861
"GET /static/admin/css/base.css HTTP/1.1" 304 0
"GET /admin/jsi18n/ HTTP/1.1" 200 7684
"GET /static/admin/css/responsive.css HTTP/1.1" 304 0
"GET /static/admin/css/changelists.css HTTP/1.1" 304 0
"GET /static/admin/js/admin/RelatedObjectLookups.js HTTP/1.1" 304 0
"GET /static/admin/js/vendor/jquery/jquery.js HTTP/1.1" 304 0
"GET /static/admin/js/actions.js HTTP/1.1" 304 0
"GET /static/admin/js/jquery.init.js HTTP/1.1" 304 0
"GET /static/admin/js/urlify.js HTTP/1.1" 304 0
"GET /static/admin/js/core.js HTTP/1.1" 304 0
"GET /static/admin/js/prepopulate.js HTTP/1.1" 304 0
"GET /static/admin/js/vendor/xregexp/xregexp.js HTTP/1.1" 304 0
"GET /static/import_export/action_formats.js HTTP/1.1" 304 0
"GET /static/admin/img/search.svg HTTP/1.1" 304 0
"GET /static/admin/css/fonts.css HTTP/1.1" 304 0
"GET /static/admin/img/tooltag-add.svg HTTP/1.1" 304 0
"GET /static/admin/fonts/Roboto-Regular-webfont.woff HTTP/1.1" 304 0
"GET /static/admin/fonts/Roboto-Bold-webfont.woff HTTP/1.1" 304 0
"GET /static/admin/fonts/Roboto-Light-webfont.woff HTTP/1.1" 304 0
"GET /admin/base/data/546/change/ HTTP/1.1" 200 7579
"GET /static/admin/css/forms.css HTTP/1.1" 304 0
"GET /static/admin/js/change_form.js HTTP/1.1" 304 0
"GET /static/admin/js/calendar.js HTTP/1.1" 304 0
"GET /static/admin/js/admin/DateTimeShortcuts.js HTTP/1.1" 304 0
"GET /admin/jsi18n/ HTTP/1.1" 200 7684
"GET /static/admin/js/prepopulate_init.js HTTP/1.1" 304 0
"GET /static/admin/css/widgets.css HTTP/1.1" 304 0
"GET /static/admin/img/icon-calendar.svg HTTP/1.1" 304 0
"GET /admin/base/data/ HTTP/1.1" 200 36988
"GET /admin/base/data/?o=3 HTTP/1.1" 200 39640
"GET /admin/jsi18n/ HTTP/1.1" 200 7684
"GET /static/admin/img/sorting-icons.svg HTTP/1.1" 304 0
"GET /admin/base/data/?o=-3 HTTP/1.1" 200 40171
"GET /admin/jsi18n/ HTTP/1.1" 200 7684
"GET /admin/base/data/470/change/?_changelist_filters=o%3D-3 HTTP/1.1" 200 8474
"GET /admin/jsi18n/ HTTP/1.1" 200 7684
"GET /admin/base/data/?o=-3 HTTP/1.1" 200 40904
"GET /admin/base/data/?o=1.-3 HTTP/1.1" 200 41118
"GET /admin/jsi18n/ HTTP/1.1" 200 7684
"GET /admin/base/data/?o=-1.-3 HTTP/1.1" 200 40422
"GET /admin/jsi18n/ HTTP/1.1" 200 7684
"GET /admin/base/data/1/change/?_changelist_filters=o%3D-1.-3 HTTP/1.1" 200 8080
"GET /admin/jsi18n/ HTTP/1.1" 200 7684
"GET /admin/base/data/?o=-1.-3 HTTP/1.1" 200 40422
"GET /admin/base/data/2/change/?_changelist_filters=o%3D-1.-3 HTTP/1.1" 200 7942
"GET /admin/jsi18n/ HTTP/1.1" 200 7684
"GET /admin/base/data/?o=-1.-3 HTTP/1.1" 200 40422
"GET /admin/base/data/16/change/?_changelist_filters=o%3D-1.-3 HTTP/1.1" 200 8245
"GET /admin/jsi18n/ HTTP/1.1" 200 7684
"GET /admin/base/data/?o=-1.-3 HTTP/1.1" 200 40671
"GET /admin/base/data/?o=-1.-3 HTTP/1.1" 200 40671
"GET /admin/jsi18n/ HTTP/1.1" 200 7684
"GET /admin/base/data/1/change/?_changelist_filters=o%3D-1.-3 HTTP/1.1" 200 8084
"GET /admin/jsi18n/ HTTP/1.1" 200 7684
"GET /admin/base/data/?o=-1.-3 HTTP/1.1" 200 40671
"GET /admin/base/data/8/change/?_changelist_filters=o%3D-1.-3 HTTP/1.1" 200 8252
"GET /admin/jsi18n/ HTTP/1.1" 200 7684
"GET /admin/base/data/?o=-1.-3 HTTP/1.1" 200 40671
"GET /admin/base/data/1/change/?_changelist_filters=o%3D-1.-3 HTTP/1.1" 200 8084
"GET /admin/jsi18n/ HTTP/1.1" 200 7684
"GET /admin/base/data/?o=-1.-3 HTTP/1.1" 200 40658
"GET /admin/base/data/1/change/?_changelist_filters=o%3D-1.-3 HTTP/1.1" 200 8084
"GET /admin/jsi18n/ HTTP/1.1" 200 7684
"GET /admin/base/data/?o=-1.-3 HTTP/1.1" 200 40658
"GET /admin/base/data/?o=3.-1 HTTP/1.1" 200 40327
"GET /admin/jsi18n/ HTTP/1.1" 200 7684
"GET /admin/base/data/?o=-3.-1 HTTP/1.1" 200 41784
"GET /admin/jsi18n/ HTTP/1.1" 200 7684
"GET /admin/base/data/ HTTP/1.1" 200 37222
"GET /admin/jsi18n/ HTTP/1.1" 200 7684
"GET /admin/base/data/?o=1 HTTP/1.1" 200 40431
"GET /admin/jsi18n/ HTTP/1.1" 200 7684
"GET /admin/base/data/? HTTP/1.1" 200 37222
"GET /admin/jsi18n/ HTTP/1.1" 200 7684
"GET /admin/base/data/518/change/ HTTP/1.1" 200 9987
"GET /admin/jsi18n/ HTTP/1.1" 200 7684
"GET /admin/base/data/? HTTP/1.1" 200 37222
"GET /admin/base/data/?o=1 HTTP/1.1" 200 40431
"GET /admin/jsi18n/ HTTP/1.1" 200 7684
"GET /admin/base/data/?o=-1 HTTP/1.1" 200 39969
"GET /admin/jsi18n/ HTTP/1.1" 200 7684
"GET /admin/base/data/?o=-1 HTTP/1.1" 200 48677
"GET /static/admin/css/base.css HTTP/1.1" 304 0
"GET /static/admin/css/responsive.css HTTP/1.1" 304 0
"GET /static/admin/js/vendor/jquery/jquery.js HTTP/1.1" 304 0
"GET /static/admin/css/changelists.css HTTP/1.1" 304 0
"GET /static/admin/js/admin/RelatedObjectLookups.js HTTP/1.1" 304 0
"GET /admin/jsi18n/ HTTP/1.1" 200 7684
"GET /static/admin/js/actions.js HTTP/1.1" 304 0
"GET /static/admin/js/jquery.init.js HTTP/1.1" 304 0
"GET /static/admin/js/urlify.js HTTP/1.1" 304 0
"GET /static/admin/js/prepopulate.js HTTP/1.1" 304 0
"GET /static/admin/js/vendor/xregexp/xregexp.js HTTP/1.1" 304 0
"GET /static/admin/js/core.js HTTP/1.1" 304 0
"GET /static/import_export/action_formats.js HTTP/1.1" 304 0
"GET /static/admin/img/search.svg HTTP/1.1" 304 0
"GET /static/admin/css/fonts.css HTTP/1.1" 304 0
"GET /static/admin/img/tooltag-add.svg HTTP/1.1" 304 0
"GET /static/admin/fonts/Roboto-Regular-webfont.woff HTTP/1.1" 304 0
"GET /static/admin/img/sorting-icons.svg HTTP/1.1" 304 0
"GET /static/admin/fonts/Roboto-Light-webfont.woff HTTP/1.1" 304 0
"GET /static/admin/fonts/Roboto-Bold-webfont.woff HTTP/1.1" 304 0
"GET /admin/base/data/1/change/?_changelist_filters=o%3D-1 HTTP/1.1" 200 9327
"GET /static/admin/css/forms.css HTTP/1.1" 304 0
"GET /static/admin/js/calendar.js HTTP/1.1" 304 0
"GET /static/admin/js/admin/DateTimeShortcuts.js HTTP/1.1" 304 0
"GET /admin/jsi18n/ HTTP/1.1" 200 7684
"GET /static/admin/js/change_form.js HTTP/1.1" 304 0
"GET /static/admin/js/prepopulate_init.js HTTP/1.1" 304 0
"GET /static/admin/css/widgets.css HTTP/1.1" 304 0
"GET /static/admin/img/icon-calendar.svg HTTP/1.1" 304 0
"GET /admin/base/data/ HTTP/1.1" 200 46868
"GET /admin/jsi18n/ HTTP/1.1" 200 7684
"GET /admin/base/data/?o=1 HTTP/1.1" 200 48304
"GET /admin/jsi18n/ HTTP/1.1" 200 7684
"GET /admin/base/data/?o=-1 HTTP/1.1" 200 54413
"GET /admin/jsi18n/ HTTP/1.1" 200 7684
"GET /admin/base/data/?o=-1 HTTP/1.1" 200 49659
"GET /admin/jsi18n/ HTTP/1.1" 200 7684
"GET /admin/base/data/?o=3.-1 HTTP/1.1" 200 50241
"GET /admin/jsi18n/ HTTP/1.1" 200 7684
"GET /admin/base/data/?o=-3.-1 HTTP/1.1" 200 50354
"GET /admin/jsi18n/ HTTP/1.1" 200 7684
"GET /admin/base/data/?o=-3.-1 HTTP/1.1" 200 50361
"GET /admin/jsi18n/ HTTP/1.1" 200 7684
"GET /admin/base/data/?o=-3.-1 HTTP/1.1" 200 50436
"GET /admin/jsi18n/ HTTP/1.1" 200 7684
"GET /admin/base/data/62/change/?_changelist_filters=o%3D-3.-1 HTTP/1.1" 200 9315
"GET /admin/jsi18n/ HTTP/1.1" 200 7684
"GET /admin/base/data/?o=-3.-1 HTTP/1.1" 200 50534
"GET /admin/base/data/?q=2018-01-17&o=-3.-1 HTTP/1.1" 200 7190
"GET /admin/jsi18n/ HTTP/1.1" 200 7684
"GET /admin/base/data/318/change/?_changelist_filters=o%3D-3.-1%26q%3D2018-01-17 HTTP/1.1" 200 16709
"GET /admin/jsi18n/ HTTP/1.1" 200 7684
"GET /admin/base/data/?q=2018-01-17&o=-3.-1 HTTP/1.1" 200 7190
"GET /admin/base/data/? HTTP/1.1" 200 45974
"GET /admin/jsi18n/ HTTP/1.1" 200 7684
"GET /admin/base/data/518/change/ HTTP/1.1" 200 11034
"GET /admin/jsi18n/ HTTP/1.1" 200 7684
"GET /admin/base/data/? HTTP/1.1" 200 45974
"GET /admin/base/data/538/change/ HTTP/1.1" 200 8276
"GET /admin/jsi18n/ HTTP/1.1" 200 7684
"GET /admin/base/data/? HTTP/1.1" 200 46103
"GET /admin/base/data/?q=2018-01-17 HTTP/1.1" 200 6434
"GET /admin/jsi18n/ HTTP/1.1" 200 7684
"GET /admin/base/data/318/change/?_changelist_filters=q%3D2018-01-17 HTTP/1.1" 200 16673
"GET /admin/jsi18n/ HTTP/1.1" 200 7684
